<?xml version="1.0" encoding="UTF-8"?>
<!-- Generated by org.testng.reporters.JUnitXMLReporter -->
<testsuite hostname="DESKTOP-RH9AKPJ" failures="0" tests="2" name="Test" time="26.893" errors="0" timestamp="13 May 2022 13:28:34 GMT">
  <testcase classname="BetterQATests.BetterQATests.AppTest" name="list_Of_Movie_Titles_Is_Displayed_And_Match" time="2.228"/>
  <testcase classname="BetterQATests.BetterQATests.AppTest" name="the_Shawshank_Redemption_Release_Date" time="0.499"/>
</testsuite> <!-- Test -->
