<?xml version="1.0" encoding="UTF-8"?>
<testng-results total="2" passed="2" failed="0" skipped="0">
  <reporter-output>
  </reporter-output>
  <suite started-at="2022-05-13T13:28:07Z" name="Suite" finished-at="2022-05-13T13:28:34Z" duration-ms="26893">
    <groups>
    </groups>
    <test started-at="2022-05-13T13:28:07Z" name="Test" finished-at="2022-05-13T13:28:34Z" duration-ms="26893">
      <class name="BetterQATests.BetterQATests.AppTest">
        <test-method is-config="true" signature="setup()[pri:0, instance:BetterQATests.BetterQATests.AppTest@13d73f29]" started-at="2022-05-13T16:28:07Z" name="setup" finished-at="2022-05-13T16:28:18Z" duration-ms="10824" status="PASS">
          <reporter-output>
          </reporter-output>
        </test-method> <!-- setup -->
        <test-method signature="list_Of_Movie_Titles_Is_Displayed_And_Match()[pri:0, instance:BetterQATests.BetterQATests.AppTest@13d73f29]" started-at="2022-05-13T16:28:18Z" name="list_Of_Movie_Titles_Is_Displayed_And_Match" finished-at="2022-05-13T16:28:20Z" duration-ms="2228" status="PASS">
          <reporter-output>
          </reporter-output>
        </test-method> <!-- list_Of_Movie_Titles_Is_Displayed_And_Match -->
        <test-method is-config="true" signature="refresh()[pri:0, instance:BetterQATests.BetterQATests.AppTest@13d73f29]" started-at="2022-05-13T16:28:20Z" name="refresh" finished-at="2022-05-13T16:28:26Z" duration-ms="6051" status="PASS">
          <reporter-output>
          </reporter-output>
        </test-method> <!-- refresh -->
        <test-method signature="the_Shawshank_Redemption_Release_Date()[pri:0, instance:BetterQATests.BetterQATests.AppTest@13d73f29]" started-at="2022-05-13T16:28:26Z" name="the_Shawshank_Redemption_Release_Date" finished-at="2022-05-13T16:28:27Z" duration-ms="499" status="PASS">
          <reporter-output>
          </reporter-output>
        </test-method> <!-- the_Shawshank_Redemption_Release_Date -->
        <test-method is-config="true" signature="refresh()[pri:0, instance:BetterQATests.BetterQATests.AppTest@13d73f29]" started-at="2022-05-13T16:28:27Z" name="refresh" finished-at="2022-05-13T16:28:33Z" duration-ms="6472" status="PASS">
          <reporter-output>
          </reporter-output>
        </test-method> <!-- refresh -->
        <test-method is-config="true" signature="quit()[pri:0, instance:BetterQATests.BetterQATests.AppTest@13d73f29]" started-at="2022-05-13T16:28:33Z" name="quit" finished-at="2022-05-13T16:28:34Z" duration-ms="807" status="PASS">
          <reporter-output>
          </reporter-output>
        </test-method> <!-- quit -->
      </class> <!-- BetterQATests.BetterQATests.AppTest -->
    </test> <!-- Test -->
  </suite> <!-- Suite -->
</testng-results>
