<?xml version="1.0" encoding="UTF-8"?>
<testsuite xmlns:xsi="http://www.w3.org/2001/XMLSchema-instance" xsi:noNamespaceSchemaLocation="https://maven.apache.org/surefire/maven-surefire-plugin/xsd/surefire-test-report.xsd" name="TestSuite" time="28.057" tests="2" errors="0" skipped="0" failures="0">
  <properties>
[...]
</properties>
  <testcase name="list_Of_Movie_Titles_Is_Displayed_And_Match" classname="BetterQATests.BetterQATests.AppTest" time="2.227"/>
  <testcase name="the_Shawshank_Redemption_Release_Date" classname="BetterQATests.BetterQATests.AppTest" time="0.497"/>
</testsuite>